2025-08-03 00:19:12,363 - werkzeug - INFO - [31m[1mWARNING: This is a development server. Do not use it in a production deployment. Use a production WSGI server instead.[0m
 * Running on all addresses (0.0.0.0)
 * Running on http://127.0.0.1:5000
 * Running on http://192.168.100.109:5000
2025-08-03 00:19:12,364 - werkzeug - INFO - [33mPress CTRL+C to quit[0m
2025-08-03 00:19:12,365 - werkzeug - INFO -  * Restarting with stat
2025-08-03 00:19:12,903 - werkzeug - WARNING -  * Debugger is active!
2025-08-03 00:19:12,906 - werkzeug - INFO -  * Debugger PIN: 387-487-790
2025-08-03 00:19:16,091 - werkzeug - INFO - 192.168.100.109 - - [03/Aug/2025 00:19:16] "GET / HTTP/1.1" 200 -
2025-08-03 00:19:16,123 - werkzeug - INFO - 192.168.100.109 - - [03/Aug/2025 00:19:16] "[36mGET /style.css HTTP/1.1[0m" 304 -
2025-08-03 00:19:16,136 - werkzeug - INFO - 192.168.100.109 - - [03/Aug/2025 00:19:16] "GET /auto_prog_script.js HTTP/1.1" 200 -
2025-08-03 00:19:16,152 - werkzeug - INFO - 192.168.100.109 - - [03/Aug/2025 00:19:16] "GET /sankhya_script.js HTTP/1.1" 200 -
2025-08-03 00:19:16,157 - werkzeug - INFO - 192.168.100.109 - - [03/Aug/2025 00:19:16] "GET /main_script.js HTTP/1.1" 200 -
2025-08-03 00:19:16,585 - werkzeug - INFO - 192.168.100.109 - - [03/Aug/2025 00:19:16] "GET /favicon.ico HTTP/1.1" 200 -
2025-08-03 00:19:26,360 - werkzeug - INFO - 192.168.100.109 - - [03/Aug/2025 00:19:26] "GET / HTTP/1.1" 200 -
2025-08-03 00:19:26,387 - werkzeug - INFO - 192.168.100.109 - - [03/Aug/2025 00:19:26] "GET /style.css HTTP/1.1" 200 -
2025-08-03 00:19:26,390 - werkzeug - INFO - 192.168.100.109 - - [03/Aug/2025 00:19:26] "GET /auto_prog_script.js HTTP/1.1" 200 -
2025-08-03 00:19:26,391 - werkzeug - INFO - 192.168.100.109 - - [03/Aug/2025 00:19:26] "GET /sankhya_script.js HTTP/1.1" 200 -
2025-08-03 00:19:26,393 - werkzeug - INFO - 192.168.100.109 - - [03/Aug/2025 00:19:26] "GET /main_script.js HTTP/1.1" 200 -
2025-08-03 00:19:26,864 - werkzeug - INFO - 192.168.100.109 - - [03/Aug/2025 00:19:26] "GET /favicon.ico HTTP/1.1" 200 -
2025-08-03 00:20:07,301 - database_mock - INFO - Mock OracleDatabase inicializado
2025-08-03 00:20:07,302 - sankhya_api_mock - INFO - Mock SankhyaAPI inicializado
2025-08-03 00:20:07,302 - database_mock - INFO - Mock: Conectando ao banco Oracle...
2025-08-03 00:20:07,302 - database_mock - INFO - Mock: Testando conexão com banco Oracle...
2025-08-03 00:20:07,302 - sankhya_api_mock - INFO - Mock: Testando conexão com API Sankhya...
2025-08-03 00:20:07,303 - werkzeug - INFO - 192.168.100.109 - - [03/Aug/2025 00:20:07] "POST /api/sankhya/verificar_conexoes HTTP/1.1" 200 -
2025-08-03 00:20:09,078 - database_mock - INFO - Mock: Contando planejamentos para 2025-08-01, braço 1, rodadas 1-1
2025-08-03 00:20:09,078 - werkzeug - INFO - 192.168.100.109 - - [03/Aug/2025 00:20:09] "POST /api/sankhya/buscar_planejamentos HTTP/1.1" 200 -
2025-08-03 00:20:42,549 - werkzeug - INFO - [31m[1mWARNING: This is a development server. Do not use it in a production deployment. Use a production WSGI server instead.[0m
 * Running on all addresses (0.0.0.0)
 * Running on http://127.0.0.1:5000
 * Running on http://192.168.100.109:5000
2025-08-03 00:20:42,549 - werkzeug - INFO - [33mPress CTRL+C to quit[0m
2025-08-03 00:20:42,551 - werkzeug - INFO -  * Restarting with stat
2025-08-03 00:20:43,439 - werkzeug - WARNING -  * Debugger is active!
2025-08-03 00:20:43,441 - werkzeug - INFO -  * Debugger PIN: 780-379-083
2025-08-03 00:20:44,470 - werkzeug - INFO - 192.168.100.109 - - [03/Aug/2025 00:20:44] "GET / HTTP/1.1" 200 -
2025-08-03 00:20:44,506 - werkzeug - INFO - 192.168.100.109 - - [03/Aug/2025 00:20:44] "GET /style.css HTTP/1.1" 200 -
2025-08-03 00:20:44,508 - werkzeug - INFO - 192.168.100.109 - - [03/Aug/2025 00:20:44] "GET /auto_prog_script.js HTTP/1.1" 200 -
2025-08-03 00:20:44,510 - werkzeug - INFO - 192.168.100.109 - - [03/Aug/2025 00:20:44] "GET /sankhya_script.js HTTP/1.1" 200 -
2025-08-03 00:20:44,515 - werkzeug - INFO - 192.168.100.109 - - [03/Aug/2025 00:20:44] "GET /main_script.js HTTP/1.1" 200 -
2025-08-03 00:20:45,007 - werkzeug - INFO - 192.168.100.109 - - [03/Aug/2025 00:20:45] "GET /favicon.ico HTTP/1.1" 200 -
2025-08-03 00:20:50,476 - sankhya_api - INFO - Instância da SankhyaAPI criada.
2025-08-03 00:20:50,476 - database - INFO - Conectando ao banco de dados Oracle...
2025-08-03 00:20:50,831 - database - INFO - Conexão com o banco de dados estabelecida com sucesso.
2025-08-03 00:20:50,846 - sankhya_api - INFO - Iniciando nova autenticação na API Sankhya...
2025-08-03 00:20:52,584 - sankhya_api - INFO - Autenticação realizada com sucesso (bearerToken obtido e armazenado).
2025-08-03 00:20:52,585 - sankhya_api - INFO - Realizando logout da API Sankhya...
2025-08-03 00:20:52,653 - sankhya_api - WARNING - Resposta de logout não foi status 1. Mensagem: HttpServiceBroker: Nenhum provedor foi encontrado para o serviço 'MobileLoginSP.logout'.
2025-08-03 00:20:52,654 - sankhya_api - INFO - Token de sessão local limpo.
2025-08-03 00:20:52,654 - werkzeug - INFO - 192.168.100.109 - - [03/Aug/2025 00:20:52] "POST /api/sankhya/verificar_conexoes HTTP/1.1" 200 -
2025-08-03 00:20:53,794 - werkzeug - INFO - 192.168.100.109 - - [03/Aug/2025 00:20:53] "POST /api/sankhya/buscar_planejamentos HTTP/1.1" 200 -
2025-08-03 00:21:06,769 - werkzeug - INFO - 192.168.100.109 - - [03/Aug/2025 00:21:06] "POST /api/sankhya/buscar_planejamentos HTTP/1.1" 200 -
2025-08-03 00:21:48,184 - werkzeug - INFO - [31m[1mWARNING: This is a development server. Do not use it in a production deployment. Use a production WSGI server instead.[0m
 * Running on all addresses (0.0.0.0)
 * Running on http://127.0.0.1:5000
 * Running on http://192.168.100.109:5000
2025-08-03 00:21:48,185 - werkzeug - INFO - [33mPress CTRL+C to quit[0m
2025-08-03 00:21:48,186 - werkzeug - INFO -  * Restarting with stat
2025-08-03 00:21:49,098 - werkzeug - WARNING -  * Debugger is active!
2025-08-03 00:21:49,101 - werkzeug - INFO -  * Debugger PIN: 780-379-083
2025-08-03 00:21:51,309 - werkzeug - INFO - 192.168.100.109 - - [03/Aug/2025 00:21:51] "GET / HTTP/1.1" 200 -
2025-08-03 00:21:51,338 - werkzeug - INFO - 192.168.100.109 - - [03/Aug/2025 00:21:51] "GET /style.css HTTP/1.1" 200 -
2025-08-03 00:21:51,368 - werkzeug - INFO - 192.168.100.109 - - [03/Aug/2025 00:21:51] "GET /sankhya_script.js HTTP/1.1" 200 -
2025-08-03 00:21:51,753 - werkzeug - INFO - 192.168.100.109 - - [03/Aug/2025 00:21:51] "GET /favicon.ico HTTP/1.1" 200 -
2025-08-03 00:22:18,650 - werkzeug - INFO - [31m[1mWARNING: This is a development server. Do not use it in a production deployment. Use a production WSGI server instead.[0m
 * Running on all addresses (0.0.0.0)
 * Running on http://127.0.0.1:5000
 * Running on http://192.168.100.109:5000
2025-08-03 00:22:18,650 - werkzeug - INFO - [33mPress CTRL+C to quit[0m
2025-08-03 00:22:18,652 - werkzeug - INFO -  * Restarting with stat
2025-08-03 00:22:19,543 - werkzeug - WARNING -  * Debugger is active!
2025-08-03 00:22:19,546 - werkzeug - INFO -  * Debugger PIN: 780-379-083
2025-08-03 00:22:22,866 - werkzeug - INFO - 192.168.100.109 - - [03/Aug/2025 00:22:22] "GET / HTTP/1.1" 200 -
2025-08-03 00:22:22,891 - werkzeug - INFO - 192.168.100.109 - - [03/Aug/2025 00:22:22] "GET /style.css HTTP/1.1" 200 -
2025-08-03 00:22:22,924 - werkzeug - INFO - 192.168.100.109 - - [03/Aug/2025 00:22:22] "GET /sankhya_script.js HTTP/1.1" 200 -
2025-08-03 00:22:23,316 - werkzeug - INFO - 192.168.100.109 - - [03/Aug/2025 00:22:23] "GET /favicon.ico HTTP/1.1" 200 -
2025-08-03 00:22:25,948 - sankhya_api - INFO - Instância da SankhyaAPI criada.
2025-08-03 00:22:25,948 - database - INFO - Conectando ao banco de dados Oracle...
2025-08-03 00:22:26,684 - database - INFO - Conexão com o banco de dados estabelecida com sucesso.
2025-08-03 00:22:26,699 - sankhya_api - INFO - Iniciando nova autenticação na API Sankhya...
2025-08-03 00:22:28,254 - sankhya_api - INFO - Autenticação realizada com sucesso (bearerToken obtido e armazenado).
2025-08-03 00:22:28,255 - sankhya_api - INFO - Realizando logout da API Sankhya...
2025-08-03 00:22:28,302 - sankhya_api - WARNING - Resposta de logout não foi status 1. Mensagem: HttpServiceBroker: Nenhum provedor foi encontrado para o serviço 'MobileLoginSP.logout'.
2025-08-03 00:22:28,302 - sankhya_api - INFO - Token de sessão local limpo.
2025-08-03 00:22:28,303 - werkzeug - INFO - 192.168.100.109 - - [03/Aug/2025 00:22:28] "POST /api/sankhya/verificar_conexoes HTTP/1.1" 200 -
2025-08-03 00:22:29,243 - werkzeug - INFO - 192.168.100.109 - - [03/Aug/2025 00:22:29] "POST /api/sankhya/buscar_planejamentos HTTP/1.1" 200 -
2025-08-03 00:22:34,604 - werkzeug - INFO - 192.168.100.109 - - [03/Aug/2025 00:22:34] "POST /api/sankhya/buscar_planejamentos HTTP/1.1" 200 -
2025-08-03 00:22:37,990 - sankhya_api - INFO - Iniciando nova autenticação na API Sankhya...
2025-08-03 00:22:39,511 - sankhya_api - INFO - Autenticação realizada com sucesso (bearerToken obtido e armazenado).
2025-08-03 00:22:39,617 - database - INFO - Encontrados 0 planejamentos pendentes.
2025-08-03 00:22:39,617 - werkzeug - INFO - 192.168.100.109 - - [03/Aug/2025 00:22:39] "POST /api/sankhya/processar_rodada HTTP/1.1" 200 -
2025-08-03 00:22:40,624 - sankhya_api - INFO - Iniciando nova autenticação na API Sankhya...
2025-08-03 00:22:42,126 - sankhya_api - INFO - Autenticação realizada com sucesso (bearerToken obtido e armazenado).
2025-08-03 00:22:42,154 - database - INFO - Encontrados 19 planejamentos pendentes.
2025-08-03 00:22:42,155 - sankhya_api - INFO - Criando rascunho (NULOP)...
2025-08-03 00:22:42,297 - sankhya_api - INFO - Rascunho NULOP 377781 criado com sucesso.
2025-08-03 00:22:42,297 - sankhya_api - INFO - Inserindo produto no NULOP 377781...
2025-08-03 00:22:43,940 - sankhya_api - INFO - Produto inserido com sucesso.
2025-08-03 00:22:43,940 - sankhya_api - INFO - Validando tamanho do lote...
2025-08-03 00:22:44,005 - sankhya_api - INFO - Validação de lote OK.
2025-08-03 00:22:44,006 - sankhya_api - INFO - Finalizando e lançando a OP para o NULOP 377781...
2025-08-03 00:22:54,238 - sankhya_api - INFO - Ordem de Produção 566722 lançada com sucesso!
2025-08-03 00:22:54,287 - database - INFO - IDIPROC 566722 atualizado com sucesso para NUPLAN 70966.
2025-08-03 00:22:54,796 - sankhya_api - INFO - Criando rascunho (NULOP)...
2025-08-03 00:22:55,186 - sankhya_api - INFO - Rascunho NULOP 377782 criado com sucesso.
2025-08-03 00:22:55,187 - sankhya_api - INFO - Inserindo produto no NULOP 377782...
2025-08-03 00:22:55,925 - sankhya_api - INFO - Produto inserido com sucesso.
2025-08-03 00:22:55,925 - sankhya_api - INFO - Validando tamanho do lote...
2025-08-03 00:22:55,972 - sankhya_api - INFO - Validação de lote OK.
2025-08-03 00:22:55,972 - sankhya_api - INFO - Finalizando e lançando a OP para o NULOP 377782...
2025-08-03 00:22:56,568 - sankhya_api - INFO - Ordem de Produção 566723 lançada com sucesso!
2025-08-03 00:22:56,597 - database - INFO - IDIPROC 566723 atualizado com sucesso para NUPLAN 70968.
2025-08-03 00:22:57,097 - sankhya_api - INFO - Criando rascunho (NULOP)...
2025-08-03 00:22:57,186 - sankhya_api - INFO - Rascunho NULOP 377783 criado com sucesso.
2025-08-03 00:22:57,186 - sankhya_api - INFO - Inserindo produto no NULOP 377783...
2025-08-03 00:22:57,667 - sankhya_api - INFO - Produto inserido com sucesso.
2025-08-03 00:22:57,667 - sankhya_api - INFO - Validando tamanho do lote...
2025-08-03 00:22:57,715 - sankhya_api - INFO - Validação de lote OK.
2025-08-03 00:22:57,716 - sankhya_api - INFO - Finalizando e lançando a OP para o NULOP 377783...
2025-08-03 00:22:58,315 - sankhya_api - INFO - Ordem de Produção 566724 lançada com sucesso!
2025-08-03 00:22:58,343 - database - INFO - IDIPROC 566724 atualizado com sucesso para NUPLAN 70969.
2025-08-03 00:22:58,844 - sankhya_api - INFO - Criando rascunho (NULOP)...
2025-08-03 00:22:58,943 - sankhya_api - INFO - Rascunho NULOP 377784 criado com sucesso.
2025-08-03 00:22:58,944 - sankhya_api - INFO - Inserindo produto no NULOP 377784...
2025-08-03 00:22:59,633 - sankhya_api - INFO - Produto inserido com sucesso.
2025-08-03 00:22:59,633 - sankhya_api - INFO - Validando tamanho do lote...
2025-08-03 00:22:59,681 - sankhya_api - INFO - Validação de lote OK.
2025-08-03 00:22:59,681 - sankhya_api - INFO - Finalizando e lançando a OP para o NULOP 377784...
2025-08-03 00:23:00,321 - sankhya_api - INFO - Ordem de Produção 566725 lançada com sucesso!
2025-08-03 00:23:00,350 - database - INFO - IDIPROC 566725 atualizado com sucesso para NUPLAN 70970.
2025-08-03 00:23:00,850 - sankhya_api - INFO - Criando rascunho (NULOP)...
2025-08-03 00:23:00,939 - sankhya_api - INFO - Rascunho NULOP 377785 criado com sucesso.
2025-08-03 00:23:00,939 - sankhya_api - INFO - Inserindo produto no NULOP 377785...
2025-08-03 00:23:01,229 - sankhya_api - INFO - Produto inserido com sucesso.
2025-08-03 00:23:01,229 - sankhya_api - INFO - Validando tamanho do lote...
2025-08-03 00:23:01,281 - sankhya_api - INFO - Validação de lote OK.
2025-08-03 00:23:01,301 - sankhya_api - INFO - Finalizando e lançando a OP para o NULOP 377785...
2025-08-03 00:23:01,904 - sankhya_api - INFO - Ordem de Produção 566726 lançada com sucesso!
2025-08-03 00:23:01,932 - database - INFO - IDIPROC 566726 atualizado com sucesso para NUPLAN 70974.
2025-08-03 00:23:02,433 - sankhya_api - INFO - Criando rascunho (NULOP)...
2025-08-03 00:23:02,521 - sankhya_api - INFO - Rascunho NULOP 377786 criado com sucesso.
2025-08-03 00:23:02,521 - sankhya_api - INFO - Inserindo produto no NULOP 377786...
2025-08-03 00:23:02,885 - sankhya_api - INFO - Produto inserido com sucesso.
2025-08-03 00:23:02,885 - sankhya_api - INFO - Validando tamanho do lote...
2025-08-03 00:23:02,934 - sankhya_api - INFO - Validação de lote OK.
2025-08-03 00:23:02,935 - sankhya_api - INFO - Finalizando e lançando a OP para o NULOP 377786...
2025-08-03 00:23:03,699 - sankhya_api - INFO - Ordem de Produção 566727 lançada com sucesso!
2025-08-03 00:23:03,727 - database - INFO - IDIPROC 566727 atualizado com sucesso para NUPLAN 70975.
2025-08-03 00:23:04,228 - sankhya_api - INFO - Criando rascunho (NULOP)...
2025-08-03 00:23:04,320 - sankhya_api - INFO - Rascunho NULOP 377787 criado com sucesso.
2025-08-03 00:23:04,321 - sankhya_api - INFO - Inserindo produto no NULOP 377787...
2025-08-03 00:23:04,707 - sankhya_api - INFO - Produto inserido com sucesso.
2025-08-03 00:23:04,708 - sankhya_api - INFO - Validando tamanho do lote...
2025-08-03 00:23:04,753 - sankhya_api - INFO - Validação de lote OK.
2025-08-03 00:23:04,754 - sankhya_api - INFO - Finalizando e lançando a OP para o NULOP 377787...
2025-08-03 00:23:05,217 - sankhya_api - INFO - Ordem de Produção 566728 lançada com sucesso!
2025-08-03 00:23:05,246 - database - INFO - IDIPROC 566728 atualizado com sucesso para NUPLAN 70976.
2025-08-03 00:23:05,746 - sankhya_api - INFO - Criando rascunho (NULOP)...
2025-08-03 00:23:05,830 - sankhya_api - INFO - Rascunho NULOP 377788 criado com sucesso.
2025-08-03 00:23:05,830 - sankhya_api - INFO - Inserindo produto no NULOP 377788...
2025-08-03 00:23:06,226 - sankhya_api - INFO - Produto inserido com sucesso.
2025-08-03 00:23:06,227 - sankhya_api - INFO - Validando tamanho do lote...
2025-08-03 00:23:06,274 - sankhya_api - INFO - Validação de lote OK.
2025-08-03 00:23:06,275 - sankhya_api - INFO - Finalizando e lançando a OP para o NULOP 377788...
2025-08-03 00:23:06,773 - sankhya_api - INFO - Ordem de Produção 566729 lançada com sucesso!
2025-08-03 00:23:06,801 - database - INFO - IDIPROC 566729 atualizado com sucesso para NUPLAN 70978.
2025-08-03 00:23:07,301 - sankhya_api - INFO - Criando rascunho (NULOP)...
2025-08-03 00:23:07,391 - sankhya_api - INFO - Rascunho NULOP 377789 criado com sucesso.
2025-08-03 00:23:07,391 - sankhya_api - INFO - Inserindo produto no NULOP 377789...
2025-08-03 00:23:07,685 - sankhya_api - INFO - Produto inserido com sucesso.
2025-08-03 00:23:07,686 - sankhya_api - INFO - Validando tamanho do lote...
2025-08-03 00:23:07,731 - sankhya_api - INFO - Validação de lote OK.
2025-08-03 00:23:07,731 - sankhya_api - INFO - Finalizando e lançando a OP para o NULOP 377789...
2025-08-03 00:23:08,302 - sankhya_api - INFO - Ordem de Produção 566730 lançada com sucesso!
2025-08-03 00:23:08,331 - database - INFO - IDIPROC 566730 atualizado com sucesso para NUPLAN 70979.
2025-08-03 00:23:08,831 - sankhya_api - INFO - Criando rascunho (NULOP)...
2025-08-03 00:23:08,919 - sankhya_api - INFO - Rascunho NULOP 377790 criado com sucesso.
2025-08-03 00:23:08,920 - sankhya_api - INFO - Inserindo produto no NULOP 377790...
2025-08-03 00:23:09,083 - sankhya_api - INFO - Produto inserido com sucesso.
2025-08-03 00:23:09,084 - sankhya_api - INFO - Validando tamanho do lote...
2025-08-03 00:23:09,130 - sankhya_api - INFO - Validação de lote OK.
2025-08-03 00:23:09,130 - sankhya_api - INFO - Finalizando e lançando a OP para o NULOP 377790...
2025-08-03 00:23:09,610 - sankhya_api - INFO - Ordem de Produção 566731 lançada com sucesso!
2025-08-03 00:23:09,638 - database - INFO - IDIPROC 566731 atualizado com sucesso para NUPLAN 70981.
2025-08-03 00:23:10,138 - sankhya_api - INFO - Criando rascunho (NULOP)...
2025-08-03 00:23:10,223 - sankhya_api - INFO - Rascunho NULOP 377791 criado com sucesso.
2025-08-03 00:23:10,223 - sankhya_api - INFO - Inserindo produto no NULOP 377791...
2025-08-03 00:23:10,375 - sankhya_api - INFO - Produto inserido com sucesso.
2025-08-03 00:23:10,375 - sankhya_api - INFO - Validando tamanho do lote...
2025-08-03 00:23:10,421 - sankhya_api - INFO - Validação de lote OK.
2025-08-03 00:23:10,421 - sankhya_api - INFO - Finalizando e lançando a OP para o NULOP 377791...
2025-08-03 00:23:10,914 - sankhya_api - INFO - Ordem de Produção 566732 lançada com sucesso!
2025-08-03 00:23:10,942 - database - INFO - IDIPROC 566732 atualizado com sucesso para NUPLAN 70983.
2025-08-03 00:23:11,442 - sankhya_api - INFO - Criando rascunho (NULOP)...
2025-08-03 00:23:11,527 - sankhya_api - INFO - Rascunho NULOP 377792 criado com sucesso.
2025-08-03 00:23:11,527 - sankhya_api - INFO - Inserindo produto no NULOP 377792...
2025-08-03 00:23:11,713 - sankhya_api - INFO - Produto inserido com sucesso.
2025-08-03 00:23:11,714 - sankhya_api - INFO - Validando tamanho do lote...
2025-08-03 00:23:11,761 - sankhya_api - INFO - Validação de lote OK.
2025-08-03 00:23:11,761 - sankhya_api - INFO - Finalizando e lançando a OP para o NULOP 377792...
2025-08-03 00:23:12,243 - sankhya_api - INFO - Ordem de Produção 566733 lançada com sucesso!
2025-08-03 00:23:12,271 - database - INFO - IDIPROC 566733 atualizado com sucesso para NUPLAN 70985.
2025-08-03 00:23:12,771 - sankhya_api - INFO - Criando rascunho (NULOP)...
2025-08-03 00:23:12,864 - sankhya_api - INFO - Rascunho NULOP 377793 criado com sucesso.
2025-08-03 00:23:12,864 - sankhya_api - INFO - Inserindo produto no NULOP 377793...
2025-08-03 00:23:13,135 - sankhya_api - INFO - Produto inserido com sucesso.
2025-08-03 00:23:13,135 - sankhya_api - INFO - Validando tamanho do lote...
2025-08-03 00:23:13,181 - sankhya_api - INFO - Validação de lote OK.
2025-08-03 00:23:13,181 - sankhya_api - INFO - Finalizando e lançando a OP para o NULOP 377793...
2025-08-03 00:23:13,649 - sankhya_api - INFO - Ordem de Produção 566734 lançada com sucesso!
2025-08-03 00:23:13,677 - database - INFO - IDIPROC 566734 atualizado com sucesso para NUPLAN 70987.
2025-08-03 00:23:14,178 - sankhya_api - INFO - Criando rascunho (NULOP)...
2025-08-03 00:23:14,265 - sankhya_api - INFO - Rascunho NULOP 377794 criado com sucesso.
2025-08-03 00:23:14,265 - sankhya_api - INFO - Inserindo produto no NULOP 377794...
2025-08-03 00:23:14,434 - sankhya_api - INFO - Produto inserido com sucesso.
2025-08-03 00:23:14,435 - sankhya_api - INFO - Validando tamanho do lote...
2025-08-03 00:23:14,482 - sankhya_api - INFO - Validação de lote OK.
2025-08-03 00:23:14,482 - sankhya_api - INFO - Finalizando e lançando a OP para o NULOP 377794...
2025-08-03 00:23:15,056 - sankhya_api - INFO - Ordem de Produção 566735 lançada com sucesso!
2025-08-03 00:23:15,084 - database - INFO - IDIPROC 566735 atualizado com sucesso para NUPLAN 70990.
2025-08-03 00:23:15,584 - sankhya_api - INFO - Criando rascunho (NULOP)...
2025-08-03 00:23:15,667 - sankhya_api - INFO - Rascunho NULOP 377795 criado com sucesso.
2025-08-03 00:23:15,667 - sankhya_api - INFO - Inserindo produto no NULOP 377795...
2025-08-03 00:23:15,821 - sankhya_api - INFO - Produto inserido com sucesso.
2025-08-03 00:23:15,821 - sankhya_api - INFO - Validando tamanho do lote...
2025-08-03 00:23:15,866 - sankhya_api - INFO - Validação de lote OK.
2025-08-03 00:23:15,866 - sankhya_api - INFO - Finalizando e lançando a OP para o NULOP 377795...
2025-08-03 00:23:16,321 - sankhya_api - INFO - Ordem de Produção 566736 lançada com sucesso!
2025-08-03 00:23:16,348 - database - INFO - IDIPROC 566736 atualizado com sucesso para NUPLAN 70997.
2025-08-03 00:23:16,849 - sankhya_api - INFO - Criando rascunho (NULOP)...
2025-08-03 00:23:16,936 - sankhya_api - INFO - Rascunho NULOP 377796 criado com sucesso.
2025-08-03 00:23:16,936 - sankhya_api - INFO - Inserindo produto no NULOP 377796...
2025-08-03 00:23:17,176 - sankhya_api - INFO - Produto inserido com sucesso.
2025-08-03 00:23:17,177 - sankhya_api - INFO - Validando tamanho do lote...
2025-08-03 00:23:17,225 - sankhya_api - INFO - Validação de lote OK.
2025-08-03 00:23:17,226 - sankhya_api - INFO - Finalizando e lançando a OP para o NULOP 377796...
2025-08-03 00:23:17,734 - sankhya_api - INFO - Ordem de Produção 566737 lançada com sucesso!
2025-08-03 00:23:17,762 - database - INFO - IDIPROC 566737 atualizado com sucesso para NUPLAN 70999.
2025-08-03 00:23:18,262 - sankhya_api - INFO - Criando rascunho (NULOP)...
2025-08-03 00:23:18,347 - sankhya_api - INFO - Rascunho NULOP 377797 criado com sucesso.
2025-08-03 00:23:18,347 - sankhya_api - INFO - Inserindo produto no NULOP 377797...
2025-08-03 00:23:18,500 - sankhya_api - INFO - Produto inserido com sucesso.
2025-08-03 00:23:18,501 - sankhya_api - INFO - Validando tamanho do lote...
2025-08-03 00:23:18,548 - sankhya_api - INFO - Validação de lote OK.
2025-08-03 00:23:18,548 - sankhya_api - INFO - Finalizando e lançando a OP para o NULOP 377797...
2025-08-03 00:23:19,035 - sankhya_api - INFO - Ordem de Produção 566738 lançada com sucesso!
2025-08-03 00:23:19,063 - database - INFO - IDIPROC 566738 atualizado com sucesso para NUPLAN 71000.
2025-08-03 00:23:19,564 - sankhya_api - INFO - Criando rascunho (NULOP)...
2025-08-03 00:23:19,648 - sankhya_api - INFO - Rascunho NULOP 377798 criado com sucesso.
2025-08-03 00:23:19,648 - sankhya_api - INFO - Inserindo produto no NULOP 377798...
2025-08-03 00:23:19,792 - sankhya_api - INFO - Produto inserido com sucesso.
2025-08-03 00:23:19,792 - sankhya_api - INFO - Validando tamanho do lote...
2025-08-03 00:23:19,840 - sankhya_api - INFO - Validação de lote OK.
2025-08-03 00:23:19,840 - sankhya_api - INFO - Finalizando e lançando a OP para o NULOP 377798...
2025-08-03 00:23:20,326 - sankhya_api - INFO - Ordem de Produção 566739 lançada com sucesso!
2025-08-03 00:23:20,354 - database - INFO - IDIPROC 566739 atualizado com sucesso para NUPLAN 71001.
2025-08-03 00:23:20,855 - sankhya_api - INFO - Criando rascunho (NULOP)...
2025-08-03 00:23:20,942 - sankhya_api - INFO - Rascunho NULOP 377799 criado com sucesso.
2025-08-03 00:23:20,943 - sankhya_api - INFO - Inserindo produto no NULOP 377799...
2025-08-03 00:23:21,125 - sankhya_api - INFO - Produto inserido com sucesso.
2025-08-03 00:23:21,125 - sankhya_api - INFO - Validando tamanho do lote...
2025-08-03 00:23:21,172 - sankhya_api - INFO - Validação de lote OK.
2025-08-03 00:23:21,173 - sankhya_api - INFO - Finalizando e lançando a OP para o NULOP 377799...
2025-08-03 00:23:21,566 - sankhya_api - INFO - Ordem de Produção 566740 lançada com sucesso!
2025-08-03 00:23:21,595 - database - INFO - IDIPROC 566740 atualizado com sucesso para NUPLAN 71004.
2025-08-03 00:23:22,115 - database - INFO - Chamando procedure STP_GERAR_RODADA_VASAP_EXT para as OPs: 566722,566723,566724,566725,566726,566727,566728,566729,566730,566731,566732,566733,566734,566735,566736,566737,566738,566739,566740 e Braço: 3
2025-08-03 00:23:22,168 - database - INFO - Procedure de geração de lote e atualização de braço executada com sucesso.
2025-08-03 00:23:22,168 - werkzeug - INFO - 192.168.100.109 - - [03/Aug/2025 00:23:22] "POST /api/sankhya/processar_rodada HTTP/1.1" 200 -
2025-08-03 00:23:23,293 - werkzeug - INFO - 192.168.100.109 - - [03/Aug/2025 00:23:23] "GET /api/sankhya/resumo HTTP/1.1" 200 -
2025-08-03 00:23:23,306 - sankhya_api - INFO - Realizando logout da API Sankhya...
2025-08-03 00:23:23,353 - sankhya_api - WARNING - Resposta de logout não foi status 1. Mensagem: HttpServiceBroker: Nenhum provedor foi encontrado para o serviço 'MobileLoginSP.logout'.
2025-08-03 00:23:23,354 - sankhya_api - INFO - Token de sessão local limpo.
2025-08-03 00:23:23,367 - database - INFO - Conexão com o banco de dados fechada.
2025-08-03 00:23:23,383 - werkzeug - INFO - 192.168.100.109 - - [03/Aug/2025 00:23:23] "POST /api/sankhya/finalizar_conexoes HTTP/1.1" 200 -
